mode: atomic
github.com/apisix/manager-api/internal/utils/closer.go:27.32,29.2 1 0
github.com/apisix/manager-api/internal/utils/closer.go:31.17,32.26 1 0
github.com/apisix/manager-api/internal/utils/closer.go:32.26,33.39 1 0
github.com/apisix/manager-api/internal/utils/closer.go:33.39,35.4 1 0
github.com/apisix/manager-api/internal/utils/json_patch.go:24.51,27.16 2 2
github.com/apisix/manager-api/internal/utils/json_patch.go:30.2,30.17 1 2
github.com/apisix/manager-api/internal/utils/json_patch.go:27.16,29.3 1 0
github.com/apisix/manager-api/internal/utils/json_patch.go:33.62,36.16 3 2
github.com/apisix/manager-api/internal/utils/json_patch.go:40.2,42.16 2 2
github.com/apisix/manager-api/internal/utils/json_patch.go:55.2,55.17 1 2
github.com/apisix/manager-api/internal/utils/json_patch.go:36.16,38.3 1 0
github.com/apisix/manager-api/internal/utils/json_patch.go:42.16,46.17 3 1
github.com/apisix/manager-api/internal/utils/json_patch.go:49.3,50.17 2 1
github.com/apisix/manager-api/internal/utils/json_patch.go:46.17,48.4 1 0
github.com/apisix/manager-api/internal/utils/json_patch.go:50.17,52.4 1 0
github.com/apisix/manager-api/internal/utils/json_patch.go:58.82,61.16 3 0
github.com/apisix/manager-api/internal/utils/json_patch.go:65.2,65.19 1 0
github.com/apisix/manager-api/internal/utils/json_patch.go:71.2,71.16 1 0
github.com/apisix/manager-api/internal/utils/json_patch.go:74.2,74.17 1 0
github.com/apisix/manager-api/internal/utils/json_patch.go:61.16,63.3 1 0
github.com/apisix/manager-api/internal/utils/json_patch.go:65.19,67.3 1 0
github.com/apisix/manager-api/internal/utils/json_patch.go:67.8,69.3 1 0
github.com/apisix/manager-api/internal/utils/json_patch.go:71.16,73.3 1 0
github.com/apisix/manager-api/internal/utils/utils.go:32.13,35.8 3 1
github.com/apisix/manager-api/internal/utils/utils.go:42.2,43.16 2 1
github.com/apisix/manager-api/internal/utils/utils.go:46.2,47.41 1 1
github.com/apisix/manager-api/internal/utils/utils.go:51.2,51.16 1 1
github.com/apisix/manager-api/internal/utils/utils.go:35.8,37.17 2 0
github.com/apisix/manager-api/internal/utils/utils.go:40.3,40.19 1 0
github.com/apisix/manager-api/internal/utils/utils.go:37.17,38.14 1 0
github.com/apisix/manager-api/internal/utils/utils.go:43.16,44.13 1 0
github.com/apisix/manager-api/internal/utils/utils.go:47.41,49.4 1 1
github.com/apisix/manager-api/internal/utils/utils.go:51.16,52.33 1 0
github.com/apisix/manager-api/internal/utils/utils.go:56.34,58.25 2 2
github.com/apisix/manager-api/internal/utils/utils.go:63.2,63.22 1 2
github.com/apisix/manager-api/internal/utils/utils.go:58.25,59.21 1 1
github.com/apisix/manager-api/internal/utils/utils.go:59.21,61.4 1 16
github.com/apisix/manager-api/internal/utils/utils.go:66.38,69.16 3 2
github.com/apisix/manager-api/internal/utils/utils.go:72.2,72.26 1 2
github.com/apisix/manager-api/internal/utils/utils.go:77.2,77.17 1 2
github.com/apisix/manager-api/internal/utils/utils.go:69.16,71.3 1 0
github.com/apisix/manager-api/internal/utils/utils.go:72.26,73.89 1 28
github.com/apisix/manager-api/internal/utils/utils.go:73.89,75.4 1 2
github.com/apisix/manager-api/internal/utils/utils.go:80.27,82.16 2 2
github.com/apisix/manager-api/internal/utils/utils.go:85.2,85.12 1 2
github.com/apisix/manager-api/internal/utils/utils.go:82.16,83.52 1 0
github.com/apisix/manager-api/internal/utils/utils.go:88.30,90.2 1 1
github.com/apisix/manager-api/internal/utils/utils.go:92.48,93.16 1 0
github.com/apisix/manager-api/internal/utils/utils.go:96.2,97.12 2 0
github.com/apisix/manager-api/internal/utils/utils.go:93.16,95.3 1 0
github.com/apisix/manager-api/internal/utils/utils.go:100.59,104.17 3 5
github.com/apisix/manager-api/internal/utils/utils.go:108.2,109.27 2 5
github.com/apisix/manager-api/internal/utils/utils.go:128.2,128.16 1 3
github.com/apisix/manager-api/internal/utils/utils.go:104.17,106.3 1 0
github.com/apisix/manager-api/internal/utils/utils.go:109.27,111.19 2 7
github.com/apisix/manager-api/internal/utils/utils.go:111.19,112.34 1 2
github.com/apisix/manager-api/internal/utils/utils.go:116.4,116.21 1 2
github.com/apisix/manager-api/internal/utils/utils.go:112.34,114.5 1 0
github.com/apisix/manager-api/internal/utils/utils.go:117.9,117.26 1 5
github.com/apisix/manager-api/internal/utils/utils.go:117.26,118.19 1 5
github.com/apisix/manager-api/internal/utils/utils.go:122.4,122.18 1 3
github.com/apisix/manager-api/internal/utils/utils.go:118.19,120.5 1 2
github.com/apisix/manager-api/internal/utils/utils.go:123.9,125.4 1 0
github.com/apisix/manager-api/internal/utils/utils.go:131.62,132.25 1 3
github.com/apisix/manager-api/internal/utils/utils.go:136.2,136.27 1 3
github.com/apisix/manager-api/internal/utils/utils.go:143.2,143.14 1 1
github.com/apisix/manager-api/internal/utils/utils.go:132.25,134.3 1 0
github.com/apisix/manager-api/internal/utils/utils.go:136.27,138.37 2 3
github.com/apisix/manager-api/internal/utils/utils.go:138.37,140.4 1 2
github.com/apisix/manager-api/internal/core/entity/entity.go:32.47,34.2 1 0
github.com/apisix/manager-api/internal/core/entity/entity.go:36.34,37.20 1 0
github.com/apisix/manager-api/internal/core/entity/entity.go:45.2,46.37 2 0
github.com/apisix/manager-api/internal/core/entity/entity.go:37.20,39.3 1 0
github.com/apisix/manager-api/internal/core/entity/entity.go:39.8,41.51 1 0
github.com/apisix/manager-api/internal/core/entity/entity.go:41.51,43.4 1 0
github.com/apisix/manager-api/internal/core/entity/entity.go:49.54,53.2 3 0
github.com/apisix/manager-api/internal/core/entity/entity.go:179.79,185.2 2 0
github.com/apisix/manager-api/internal/core/entity/format.go:26.57,28.16 2 1
github.com/apisix/manager-api/internal/core/entity/format.go:33.2,34.16 2 1
github.com/apisix/manager-api/internal/core/entity/format.go:39.2,45.18 2 1
github.com/apisix/manager-api/internal/core/entity/format.go:28.16,31.3 2 0
github.com/apisix/manager-api/internal/core/entity/format.go:34.16,37.3 2 0
github.com/apisix/manager-api/internal/core/entity/format.go:48.47,50.31 2 3
github.com/apisix/manager-api/internal/core/entity/format.go:91.2,91.12 1 0
github.com/apisix/manager-api/internal/core/entity/format.go:51.26,54.31 3 0
github.com/apisix/manager-api/internal/core/entity/format.go:61.3,61.15 1 0
github.com/apisix/manager-api/internal/core/entity/format.go:62.30,65.31 3 1
github.com/apisix/manager-api/internal/core/entity/format.go:72.3,72.15 1 1
github.com/apisix/manager-api/internal/core/entity/format.go:73.15,75.13 2 1
github.com/apisix/manager-api/internal/core/entity/format.go:76.21,79.26 3 1
github.com/apisix/manager-api/internal/core/entity/format.go:88.3,88.15 1 1
github.com/apisix/manager-api/internal/core/entity/format.go:54.31,56.18 2 0
github.com/apisix/manager-api/internal/core/entity/format.go:59.4,59.31 1 0
github.com/apisix/manager-api/internal/core/entity/format.go:56.18,58.5 1 0
github.com/apisix/manager-api/internal/core/entity/format.go:65.31,67.18 2 1
github.com/apisix/manager-api/internal/core/entity/format.go:70.4,70.31 1 1
github.com/apisix/manager-api/internal/core/entity/format.go:67.18,69.5 1 0
github.com/apisix/manager-api/internal/core/entity/format.go:79.26,87.4 3 1
github.com/apisix/manager-api/internal/core/entity/query.go:44.72,47.2 2 0
github.com/apisix/manager-api/internal/core/entity/query.go:49.74,52.2 2 0
github.com/apisix/manager-api/internal/core/entity/query.go:56.77,59.32 3 0
github.com/apisix/manager-api/internal/core/entity/query.go:66.2,66.12 1 0
github.com/apisix/manager-api/internal/core/entity/query.go:59.32,61.18 2 0
github.com/apisix/manager-api/internal/core/entity/query.go:61.18,63.9 2 0
github.com/apisix/manager-api/internal/core/entity/query.go:69.79,72.32 3 0
github.com/apisix/manager-api/internal/core/entity/query.go:78.2,78.12 1 0
github.com/apisix/manager-api/internal/core/entity/query.go:72.32,73.43 1 0
github.com/apisix/manager-api/internal/core/entity/query.go:73.43,75.9 2 0
github.com/apisix/manager-api/internal/core/entity/query.go:83.35,84.11 1 0
github.com/apisix/manager-api/internal/core/entity/query.go:89.2,89.11 1 0
github.com/apisix/manager-api/internal/core/entity/query.go:84.11,86.3 1 0
github.com/apisix/manager-api/internal/core/entity/query.go:86.8,86.19 1 0
github.com/apisix/manager-api/internal/core/entity/query.go:86.19,88.3 1 0
github.com/apisix/manager-api/internal/core/entity/query.go:92.69,95.2 2 0
github.com/apisix/manager-api/internal/core/entity/query.go:97.71,99.2 1 0
github.com/apisix/manager-api/internal/core/entity/query.go:101.69,102.14 1 0
github.com/apisix/manager-api/internal/core/entity/query.go:103.18,105.29 2 0
github.com/apisix/manager-api/internal/core/entity/query.go:106.26,107.39 1 0
github.com/apisix/manager-api/internal/core/entity/query.go:108.26,109.39 1 0
github.com/apisix/manager-api/internal/core/entity/query.go:110.10,111.13 1 0
github.com/apisix/manager-api/internal/core/entity/query.go:115.67,116.14 1 0
github.com/apisix/manager-api/internal/core/entity/query.go:117.20,118.37 1 0
github.com/apisix/manager-api/internal/core/entity/query.go:119.10,120.13 1 0
github.com/apisix/manager-api/internal/core/entity/query.go:124.73,125.14 1 0
github.com/apisix/manager-api/internal/core/entity/query.go:126.20,127.40 1 0
github.com/apisix/manager-api/internal/core/entity/query.go:128.10,129.13 1 0
github.com/apisix/manager-api/internal/core/entity/query.go:133.63,134.14 1 0
github.com/apisix/manager-api/internal/core/entity/query.go:135.19,136.34 1 0
github.com/apisix/manager-api/internal/core/entity/query.go:137.20,138.40 1 0
github.com/apisix/manager-api/internal/core/entity/query.go:139.10,140.13 1 0
github.com/apisix/manager-api/internal/handler/plugin/plugin.go:34.50,36.2 1 0
github.com/apisix/manager-api/internal/handler/plugin/plugin.go:38.45,42.2 2 0
github.com/apisix/manager-api/internal/handler/plugin/plugin.go:49.66,53.36 3 5
github.com/apisix/manager-api/internal/handler/plugin/plugin.go:61.2,61.17 1 5
github.com/apisix/manager-api/internal/handler/plugin/plugin.go:53.36,55.17 2 0
github.com/apisix/manager-api/internal/handler/plugin/plugin.go:55.17,57.4 1 0
github.com/apisix/manager-api/internal/handler/plugin/plugin.go:58.8,60.3 1 5
github.com/apisix/manager-api/internal/handler/plugin/plugin.go:64.67,68.31 3 1
github.com/apisix/manager-api/internal/handler/plugin/plugin.go:74.2,74.17 1 1
github.com/apisix/manager-api/internal/handler/plugin/plugin.go:68.31,69.90 1 42
github.com/apisix/manager-api/internal/handler/plugin/plugin.go:69.90,71.4 1 40
github.com/apisix/manager-api/internal/handler/authentication/authentication.go:37.50,39.2 1 0
github.com/apisix/manager-api/internal/handler/authentication/authentication.go:41.45,44.2 1 0
github.com/apisix/manager-api/internal/handler/authentication/authentication.go:85.69,91.60 5 3
github.com/apisix/manager-api/internal/handler/authentication/authentication.go:96.2,107.8 4 1
github.com/apisix/manager-api/internal/handler/authentication/authentication.go:91.60,93.3 1 2
github.com/apisix/manager-api/internal/handler/ssl/ssl.go:48.50,52.2 1 0
github.com/apisix/manager-api/internal/handler/ssl/ssl.go:54.45,74.2 10 0
github.com/apisix/manager-api/internal/handler/ssl/ssl.go:80.63,84.16 3 1
github.com/apisix/manager-api/internal/handler/ssl/ssl.go:89.2,93.17 4 1
github.com/apisix/manager-api/internal/handler/ssl/ssl.go:84.16,86.3 1 0
github.com/apisix/manager-api/internal/handler/ssl/ssl.go:135.64,139.41 2 3
github.com/apisix/manager-api/internal/handler/ssl/ssl.go:157.2,157.16 1 3
github.com/apisix/manager-api/internal/handler/ssl/ssl.go:162.2,164.32 3 3
github.com/apisix/manager-api/internal/handler/ssl/ssl.go:170.2,170.17 1 3
github.com/apisix/manager-api/internal/handler/ssl/ssl.go:173.2,175.17 2 3
github.com/apisix/manager-api/internal/handler/ssl/ssl.go:139.41,140.23 1 3
github.com/apisix/manager-api/internal/handler/ssl/ssl.go:152.4,152.15 1 1
github.com/apisix/manager-api/internal/handler/ssl/ssl.go:140.23,141.59 1 2
github.com/apisix/manager-api/internal/handler/ssl/ssl.go:144.5,144.48 1 2
github.com/apisix/manager-api/internal/handler/ssl/ssl.go:150.5,150.17 1 1
github.com/apisix/manager-api/internal/handler/ssl/ssl.go:141.59,143.6 1 0
github.com/apisix/manager-api/internal/handler/ssl/ssl.go:144.48,146.16 2 3
github.com/apisix/manager-api/internal/handler/ssl/ssl.go:146.16,148.7 1 1
github.com/apisix/manager-api/internal/handler/ssl/ssl.go:157.16,159.3 1 0
github.com/apisix/manager-api/internal/handler/ssl/ssl.go:164.32,169.3 4 2
github.com/apisix/manager-api/internal/handler/ssl/ssl.go:170.17,172.3 1 1
github.com/apisix/manager-api/internal/handler/ssl/ssl.go:178.66,181.16 3 1
github.com/apisix/manager-api/internal/handler/ssl/ssl.go:185.2,188.60 3 1
github.com/apisix/manager-api/internal/handler/ssl/ssl.go:192.2,192.17 1 1
github.com/apisix/manager-api/internal/handler/ssl/ssl.go:181.16,183.3 1 0
github.com/apisix/manager-api/internal/handler/ssl/ssl.go:188.60,190.3 1 0
github.com/apisix/manager-api/internal/handler/ssl/ssl.go:200.66,203.16 3 1
github.com/apisix/manager-api/internal/handler/ssl/ssl.go:207.2,207.20 1 1
github.com/apisix/manager-api/internal/handler/ssl/ssl.go:212.2,213.66 2 1
github.com/apisix/manager-api/internal/handler/ssl/ssl.go:217.2,217.17 1 1
github.com/apisix/manager-api/internal/handler/ssl/ssl.go:203.16,205.3 1 0
github.com/apisix/manager-api/internal/handler/ssl/ssl.go:207.20,209.3 1 1
github.com/apisix/manager-api/internal/handler/ssl/ssl.go:213.66,215.3 1 0
github.com/apisix/manager-api/internal/handler/ssl/ssl.go:220.49,227.16 6 0
github.com/apisix/manager-api/internal/handler/ssl/ssl.go:231.2,232.16 2 0
github.com/apisix/manager-api/internal/handler/ssl/ssl.go:236.2,238.16 3 0
github.com/apisix/manager-api/internal/handler/ssl/ssl.go:242.2,242.56 1 0
github.com/apisix/manager-api/internal/handler/ssl/ssl.go:246.2,246.17 1 0
github.com/apisix/manager-api/internal/handler/ssl/ssl.go:227.16,229.3 1 0
github.com/apisix/manager-api/internal/handler/ssl/ssl.go:232.16,234.3 1 0
github.com/apisix/manager-api/internal/handler/ssl/ssl.go:238.16,240.3 1 0
github.com/apisix/manager-api/internal/handler/ssl/ssl.go:242.56,244.3 1 0
github.com/apisix/manager-api/internal/handler/ssl/ssl.go:253.71,256.91 2 1
github.com/apisix/manager-api/internal/handler/ssl/ssl.go:260.2,260.17 1 1
github.com/apisix/manager-api/internal/handler/ssl/ssl.go:256.91,258.3 1 0
github.com/apisix/manager-api/internal/handler/ssl/ssl.go:263.54,264.28 1 2
github.com/apisix/manager-api/internal/handler/ssl/ssl.go:268.2,269.25 2 2
github.com/apisix/manager-api/internal/handler/ssl/ssl.go:273.2,274.16 2 2
github.com/apisix/manager-api/internal/handler/ssl/ssl.go:278.2,280.16 2 2
github.com/apisix/manager-api/internal/handler/ssl/ssl.go:284.2,287.60 3 2
github.com/apisix/manager-api/internal/handler/ssl/ssl.go:317.2,323.18 6 2
github.com/apisix/manager-api/internal/handler/ssl/ssl.go:264.28,266.3 1 0
github.com/apisix/manager-api/internal/handler/ssl/ssl.go:269.25,271.3 1 0
github.com/apisix/manager-api/internal/handler/ssl/ssl.go:274.16,276.3 1 0
github.com/apisix/manager-api/internal/handler/ssl/ssl.go:280.16,282.3 1 0
github.com/apisix/manager-api/internal/handler/ssl/ssl.go:287.60,289.3 1 2
github.com/apisix/manager-api/internal/handler/ssl/ssl.go:289.8,289.73 1 0
github.com/apisix/manager-api/internal/handler/ssl/ssl.go:289.73,290.43 1 0
github.com/apisix/manager-api/internal/handler/ssl/ssl.go:290.43,292.4 1 0
github.com/apisix/manager-api/internal/handler/ssl/ssl.go:293.8,294.71 1 0
github.com/apisix/manager-api/internal/handler/ssl/ssl.go:294.71,306.46 2 0
github.com/apisix/manager-api/internal/handler/ssl/ssl.go:306.46,309.31 3 0
github.com/apisix/manager-api/internal/handler/ssl/ssl.go:309.31,312.6 2 0
github.com/apisix/manager-api/internal/handler/ssl/ssl.go:353.68,356.16 3 0
github.com/apisix/manager-api/internal/handler/ssl/ssl.go:360.2,360.17 1 0
github.com/apisix/manager-api/internal/handler/ssl/ssl.go:356.16,358.3 1 0
github.com/apisix/manager-api/internal/handler/ssl/ssl.go:367.49,369.27 2 0
github.com/apisix/manager-api/internal/handler/ssl/ssl.go:372.2,372.13 1 0
github.com/apisix/manager-api/internal/handler/ssl/ssl.go:369.27,371.3 1 0
github.com/apisix/manager-api/internal/handler/ssl/ssl.go:375.67,384.2 3 0
github.com/apisix/manager-api/internal/handler/ssl/ssl.go:386.56,387.52 1 0
github.com/apisix/manager-api/internal/handler/ssl/ssl.go:390.2,390.53 1 0
github.com/apisix/manager-api/internal/handler/ssl/ssl.go:394.2,395.37 2 0
github.com/apisix/manager-api/internal/handler/ssl/ssl.go:405.2,405.14 1 0
github.com/apisix/manager-api/internal/handler/ssl/ssl.go:387.52,389.3 1 0
github.com/apisix/manager-api/internal/handler/ssl/ssl.go:390.53,392.3 1 0
github.com/apisix/manager-api/internal/handler/ssl/ssl.go:395.37,397.53 2 0
github.com/apisix/manager-api/internal/handler/ssl/ssl.go:400.3,400.54 1 0
github.com/apisix/manager-api/internal/handler/ssl/ssl.go:397.53,399.4 1 0
github.com/apisix/manager-api/internal/handler/ssl/ssl.go:400.54,402.4 1 0
github.com/apisix/manager-api/internal/handler/ssl/ssl.go:435.49,440.56 3 0
github.com/apisix/manager-api/internal/handler/ssl/ssl.go:444.2,451.16 3 0
github.com/apisix/manager-api/internal/handler/ssl/ssl.go:455.2,455.29 1 0
github.com/apisix/manager-api/internal/handler/ssl/ssl.go:463.2,463.17 1 0
github.com/apisix/manager-api/internal/handler/ssl/ssl.go:440.56,442.3 1 0
github.com/apisix/manager-api/internal/handler/ssl/ssl.go:451.16,453.3 1 0
github.com/apisix/manager-api/internal/handler/ssl/ssl.go:455.29,457.11 2 0
github.com/apisix/manager-api/internal/handler/ssl/ssl.go:457.11,460.4 1 0
github.com/apisix/manager-api/internal/handler/server_info/server_info.go:37.50,41.2 1 0
github.com/apisix/manager-api/internal/handler/server_info/server_info.go:43.45,48.2 2 0
github.com/apisix/manager-api/internal/handler/server_info/server_info.go:54.63,58.16 3 2
github.com/apisix/manager-api/internal/handler/server_info/server_info.go:62.2,62.15 1 1
github.com/apisix/manager-api/internal/handler/server_info/server_info.go:58.16,60.3 1 1
github.com/apisix/manager-api/internal/handler/server_info/server_info.go:70.64,74.41 2 2
github.com/apisix/manager-api/internal/handler/server_info/server_info.go:84.2,84.16 1 2
github.com/apisix/manager-api/internal/handler/server_info/server_info.go:88.2,88.17 1 2
github.com/apisix/manager-api/internal/handler/server_info/server_info.go:74.41,75.28 1 4
github.com/apisix/manager-api/internal/handler/server_info/server_info.go:78.4,78.15 1 2
github.com/apisix/manager-api/internal/handler/server_info/server_info.go:75.28,77.5 1 2
github.com/apisix/manager-api/internal/handler/server_info/server_info.go:84.16,86.3 1 0
github.com/apisix/manager-api/internal/core/store/validate.go:40.65,42.16 2 1
github.com/apisix/manager-api/internal/core/store/validate.go:45.2,46.16 2 1
github.com/apisix/manager-api/internal/core/store/validate.go:49.2,51.8 1 1
github.com/apisix/manager-api/internal/core/store/validate.go:42.16,44.3 1 0
github.com/apisix/manager-api/internal/core/store/validate.go:46.16,48.3 1 0
github.com/apisix/manager-api/internal/core/store/validate.go:54.63,56.16 2 1
github.com/apisix/manager-api/internal/core/store/validate.go:60.2,60.18 1 1
github.com/apisix/manager-api/internal/core/store/validate.go:70.2,70.12 1 0
github.com/apisix/manager-api/internal/core/store/validate.go:56.16,58.3 1 0
github.com/apisix/manager-api/internal/core/store/validate.go:60.18,62.37 2 1
github.com/apisix/manager-api/internal/core/store/validate.go:68.3,68.40 1 1
github.com/apisix/manager-api/internal/core/store/validate.go:62.37,63.14 1 2
github.com/apisix/manager-api/internal/core/store/validate.go:66.4,66.41 1 2
github.com/apisix/manager-api/internal/core/store/validate.go:63.14,65.5 1 1
github.com/apisix/manager-api/internal/core/store/validate.go:77.71,79.21 2 9
github.com/apisix/manager-api/internal/core/store/validate.go:84.2,85.16 2 9
github.com/apisix/manager-api/internal/core/store/validate.go:89.2,91.8 1 9
github.com/apisix/manager-api/internal/core/store/validate.go:79.21,82.3 2 0
github.com/apisix/manager-api/internal/core/store/validate.go:85.16,88.3 2 0
github.com/apisix/manager-api/internal/core/store/validate.go:94.71,95.36 1 9
github.com/apisix/manager-api/internal/core/store/validate.go:109.2,109.16 1 0
github.com/apisix/manager-api/internal/core/store/validate.go:96.21,99.33 3 7
github.com/apisix/manager-api/internal/core/store/validate.go:100.23,103.35 3 0
github.com/apisix/manager-api/internal/core/store/validate.go:104.24,107.45 3 2
github.com/apisix/manager-api/internal/core/store/validate.go:112.62,113.35 1 2
github.com/apisix/manager-api/internal/core/store/validate.go:116.2,118.31 1 1
github.com/apisix/manager-api/internal/core/store/validate.go:122.2,123.31 2 1
github.com/apisix/manager-api/internal/core/store/validate.go:130.2,130.64 1 1
github.com/apisix/manager-api/internal/core/store/validate.go:137.2,138.16 2 1
github.com/apisix/manager-api/internal/core/store/validate.go:142.2,143.16 2 1
github.com/apisix/manager-api/internal/core/store/validate.go:147.2,147.18 1 1
github.com/apisix/manager-api/internal/core/store/validate.go:158.2,158.12 1 0
github.com/apisix/manager-api/internal/core/store/validate.go:113.35,115.3 1 1
github.com/apisix/manager-api/internal/core/store/validate.go:118.31,120.3 1 0
github.com/apisix/manager-api/internal/core/store/validate.go:123.31,125.22 2 1
github.com/apisix/manager-api/internal/core/store/validate.go:125.22,127.4 1 0
github.com/apisix/manager-api/internal/core/store/validate.go:130.64,132.22 2 0
github.com/apisix/manager-api/internal/core/store/validate.go:132.22,134.4 1 0
github.com/apisix/manager-api/internal/core/store/validate.go:138.16,140.3 1 0
github.com/apisix/manager-api/internal/core/store/validate.go:143.16,145.3 1 0
github.com/apisix/manager-api/internal/core/store/validate.go:147.18,149.37 2 1
github.com/apisix/manager-api/internal/core/store/validate.go:155.3,155.70 1 1
github.com/apisix/manager-api/internal/core/store/validate.go:149.37,150.14 1 1
github.com/apisix/manager-api/internal/core/store/validate.go:153.4,153.41 1 1
github.com/apisix/manager-api/internal/core/store/validate.go:150.14,152.5 1 0
github.com/apisix/manager-api/internal/core/store/validate.go:161.56,162.21 1 11
github.com/apisix/manager-api/internal/core/store/validate.go:166.2,166.58 1 8
github.com/apisix/manager-api/internal/core/store/validate.go:172.2,172.67 1 8
github.com/apisix/manager-api/internal/core/store/validate.go:176.2,176.30 1 8
github.com/apisix/manager-api/internal/core/store/validate.go:181.2,181.27 1 5
github.com/apisix/manager-api/internal/core/store/validate.go:185.2,185.57 1 5
github.com/apisix/manager-api/internal/core/store/validate.go:189.2,189.54 1 2
github.com/apisix/manager-api/internal/core/store/validate.go:193.2,193.12 1 1
github.com/apisix/manager-api/internal/core/store/validate.go:162.21,164.3 1 3
github.com/apisix/manager-api/internal/core/store/validate.go:166.58,167.84 1 0
github.com/apisix/manager-api/internal/core/store/validate.go:167.84,169.4 1 0
github.com/apisix/manager-api/internal/core/store/validate.go:172.67,174.3 1 0
github.com/apisix/manager-api/internal/core/store/validate.go:176.30,178.3 1 3
github.com/apisix/manager-api/internal/core/store/validate.go:181.27,183.3 1 1
github.com/apisix/manager-api/internal/core/store/validate.go:185.57,187.3 1 3
github.com/apisix/manager-api/internal/core/store/validate.go:189.54,191.3 1 1
github.com/apisix/manager-api/internal/core/store/validate.go:196.50,197.41 1 7
github.com/apisix/manager-api/internal/core/store/validate.go:202.2,202.12 1 7
github.com/apisix/manager-api/internal/core/store/validate.go:197.41,198.23 1 4
github.com/apisix/manager-api/internal/core/store/validate.go:198.23,200.4 1 0
github.com/apisix/manager-api/internal/core/store/validate.go:205.43,206.36 1 13
github.com/apisix/manager-api/internal/core/store/validate.go:228.2,228.12 1 9
github.com/apisix/manager-api/internal/core/store/validate.go:207.21,210.55 3 11
github.com/apisix/manager-api/internal/core/store/validate.go:214.3,214.60 1 7
github.com/apisix/manager-api/internal/core/store/validate.go:217.23,219.57 2 0
github.com/apisix/manager-api/internal/core/store/validate.go:222.24,224.62 2 0
github.com/apisix/manager-api/internal/core/store/validate.go:210.55,212.4 1 4
github.com/apisix/manager-api/internal/core/store/validate.go:214.60,216.4 1 0
github.com/apisix/manager-api/internal/core/store/validate.go:219.57,221.4 1 0
github.com/apisix/manager-api/internal/core/store/validate.go:224.62,226.4 1 0
github.com/apisix/manager-api/internal/core/store/validate.go:231.69,233.16 2 18
github.com/apisix/manager-api/internal/core/store/validate.go:238.2,238.18 1 18
github.com/apisix/manager-api/internal/core/store/validate.go:250.2,250.39 1 13
github.com/apisix/manager-api/internal/core/store/validate.go:254.2,255.46 2 9
github.com/apisix/manager-api/internal/core/store/validate.go:313.2,313.12 1 7
github.com/apisix/manager-api/internal/core/store/validate.go:233.16,236.3 2 0
github.com/apisix/manager-api/internal/core/store/validate.go:238.18,240.37 2 5
github.com/apisix/manager-api/internal/core/store/validate.go:246.3,246.70 1 5
github.com/apisix/manager-api/internal/core/store/validate.go:240.37,241.14 1 11
github.com/apisix/manager-api/internal/core/store/validate.go:244.4,244.41 1 11
github.com/apisix/manager-api/internal/core/store/validate.go:241.14,243.5 1 6
github.com/apisix/manager-api/internal/core/store/validate.go:250.39,252.3 1 4
github.com/apisix/manager-api/internal/core/store/validate.go:255.46,257.60 2 10
github.com/apisix/manager-api/internal/core/store/validate.go:261.3,261.25 1 10
github.com/apisix/manager-api/internal/core/store/validate.go:265.3,267.17 3 10
github.com/apisix/manager-api/internal/core/store/validate.go:272.3,273.17 2 10
github.com/apisix/manager-api/internal/core/store/validate.go:279.3,282.9 4 10
github.com/apisix/manager-api/internal/core/store/validate.go:290.3,291.17 2 10
github.com/apisix/manager-api/internal/core/store/validate.go:297.3,297.15 1 10
github.com/apisix/manager-api/internal/core/store/validate.go:301.3,301.19 1 10
github.com/apisix/manager-api/internal/core/store/validate.go:257.60,259.4 1 2
github.com/apisix/manager-api/internal/core/store/validate.go:261.25,264.4 2 0
github.com/apisix/manager-api/internal/core/store/validate.go:267.17,270.4 2 0
github.com/apisix/manager-api/internal/core/store/validate.go:273.17,276.4 2 0
github.com/apisix/manager-api/internal/core/store/validate.go:282.9,283.44 1 8
github.com/apisix/manager-api/internal/core/store/validate.go:283.44,286.5 2 7
github.com/apisix/manager-api/internal/core/store/validate.go:291.17,294.4 2 0
github.com/apisix/manager-api/internal/core/store/validate.go:297.15,299.4 1 7
github.com/apisix/manager-api/internal/core/store/validate.go:301.19,303.38 2 2
github.com/apisix/manager-api/internal/core/store/validate.go:309.4,309.71 1 2
github.com/apisix/manager-api/internal/core/store/validate.go:303.38,304.15 1 3
github.com/apisix/manager-api/internal/core/store/validate.go:307.5,307.42 1 3
github.com/apisix/manager-api/internal/core/store/validate.go:304.15,306.6 1 1
github.com/apisix/manager-api/internal/core/store/validate.go:320.67,322.21 2 1
github.com/apisix/manager-api/internal/core/store/validate.go:327.2,328.16 2 1
github.com/apisix/manager-api/internal/core/store/validate.go:332.2,334.8 1 1
github.com/apisix/manager-api/internal/core/store/validate.go:322.21,325.3 2 0
github.com/apisix/manager-api/internal/core/store/validate.go:328.16,331.3 2 0
github.com/apisix/manager-api/internal/core/store/validate.go:337.65,339.16 2 2
github.com/apisix/manager-api/internal/core/store/validate.go:344.2,344.18 1 2
github.com/apisix/manager-api/internal/core/store/validate.go:355.2,355.12 1 1
github.com/apisix/manager-api/internal/core/store/validate.go:339.16,342.3 2 0
github.com/apisix/manager-api/internal/core/store/validate.go:344.18,346.37 2 1
github.com/apisix/manager-api/internal/core/store/validate.go:352.3,352.70 1 1
github.com/apisix/manager-api/internal/core/store/validate.go:346.37,347.14 1 1
github.com/apisix/manager-api/internal/core/store/validate.go:350.4,350.41 1 1
github.com/apisix/manager-api/internal/core/store/validate.go:347.14,349.5 1 0
github.com/apisix/manager-api/internal/core/store/validate_mock.go:13.58,17.56 3 9
github.com/apisix/manager-api/internal/core/store/validate_mock.go:23.2,23.11 1 9
github.com/apisix/manager-api/internal/core/store/validate_mock.go:17.56,19.3 1 0
github.com/apisix/manager-api/internal/core/store/validate_mock.go:19.8,21.3 1 9
github.com/apisix/manager-api/internal/core/store/query.go:59.58,61.2 1 9
github.com/apisix/manager-api/internal/core/store/query.go:63.37,65.2 1 8
github.com/apisix/manager-api/internal/core/store/query.go:67.70,69.2 1 0
github.com/apisix/manager-api/internal/core/store/query.go:71.75,75.27 3 9
github.com/apisix/manager-api/internal/core/store/query.go:79.2,79.29 1 9
github.com/apisix/manager-api/internal/core/store/query.go:75.27,77.3 1 4
github.com/apisix/manager-api/internal/core/store/query.go:82.74,88.2 1 0
github.com/apisix/manager-api/internal/core/store/query.go:90.38,91.43 1 9
github.com/apisix/manager-api/internal/core/store/query.go:95.2,96.41 2 6
github.com/apisix/manager-api/internal/core/store/query.go:114.2,116.3 1 5
github.com/apisix/manager-api/internal/core/store/query.go:91.43,94.3 2 3
github.com/apisix/manager-api/internal/core/store/query.go:96.41,99.25 3 8
github.com/apisix/manager-api/internal/core/store/query.go:107.3,112.30 3 7
github.com/apisix/manager-api/internal/core/store/query.go:99.25,101.4 1 3
github.com/apisix/manager-api/internal/core/store/query.go:101.9,101.32 1 5
github.com/apisix/manager-api/internal/core/store/query.go:101.32,103.4 1 4
github.com/apisix/manager-api/internal/core/store/query.go:103.9,105.4 1 1
github.com/apisix/manager-api/internal/core/store/query.go:119.44,120.47 1 4
github.com/apisix/manager-api/internal/core/store/query.go:124.2,125.43 2 3
github.com/apisix/manager-api/internal/core/store/query.go:134.2,136.3 1 3
github.com/apisix/manager-api/internal/core/store/query.go:120.47,123.3 2 1
github.com/apisix/manager-api/internal/core/store/query.go:125.43,133.3 4 4
github.com/apisix/manager-api/internal/core/store/selector.go:32.32,32.57 1 10
github.com/apisix/manager-api/internal/core/store/selector.go:34.37,36.2 1 29
github.com/apisix/manager-api/internal/core/store/selector.go:38.42,39.46 1 148
github.com/apisix/manager-api/internal/core/store/selector.go:52.2,52.14 1 91
github.com/apisix/manager-api/internal/core/store/selector.go:39.46,42.27 3 75
github.com/apisix/manager-api/internal/core/store/selector.go:45.3,46.15 2 62
github.com/apisix/manager-api/internal/core/store/selector.go:42.27,43.9 1 13
github.com/apisix/manager-api/internal/core/store/selector.go:46.15,47.12 1 5
github.com/apisix/manager-api/internal/core/store/selector.go:48.9,50.4 1 57
github.com/apisix/manager-api/internal/core/store/selector.go:55.40,58.2 2 10
github.com/apisix/manager-api/internal/core/store/selector.go:60.42,62.30 2 4
github.com/apisix/manager-api/internal/core/store/selector.go:76.2,77.13 2 4
github.com/apisix/manager-api/internal/core/store/selector.go:62.30,64.51 2 40
github.com/apisix/manager-api/internal/core/store/selector.go:71.3,71.14 1 40
github.com/apisix/manager-api/internal/core/store/selector.go:64.51,66.50 2 31
github.com/apisix/manager-api/internal/core/store/selector.go:66.50,68.10 2 25
github.com/apisix/manager-api/internal/core/store/selector.go:71.14,73.4 1 15
github.com/apisix/manager-api/internal/core/store/selector.go:80.44,86.38 5 9
github.com/apisix/manager-api/internal/core/store/selector.go:90.2,90.27 1 8
github.com/apisix/manager-api/internal/core/store/selector.go:95.2,95.28 1 6
github.com/apisix/manager-api/internal/core/store/selector.go:100.2,100.27 1 5
github.com/apisix/manager-api/internal/core/store/selector.go:105.2,106.13 2 2
github.com/apisix/manager-api/internal/core/store/selector.go:86.38,88.3 1 1
github.com/apisix/manager-api/internal/core/store/selector.go:90.27,93.3 2 2
github.com/apisix/manager-api/internal/core/store/selector.go:95.28,98.3 2 1
github.com/apisix/manager-api/internal/core/store/selector.go:100.27,103.3 2 3
github.com/apisix/manager-api/internal/core/store/selector.go:109.56,117.2 4 0
github.com/apisix/manager-api/internal/core/store/selector.go:119.61,128.2 5 0
github.com/apisix/manager-api/internal/core/store/store.go:62.69,63.24 1 5
github.com/apisix/manager-api/internal/core/store/store.go:67.2,67.24 1 4
github.com/apisix/manager-api/internal/core/store/store.go:71.2,71.24 1 3
github.com/apisix/manager-api/internal/core/store/store.go:76.2,76.39 1 2
github.com/apisix/manager-api/internal/core/store/store.go:79.2,79.42 1 2
github.com/apisix/manager-api/internal/core/store/store.go:83.2,88.15 3 1
github.com/apisix/manager-api/internal/core/store/store.go:63.24,66.3 2 1
github.com/apisix/manager-api/internal/core/store/store.go:67.24,70.3 2 1
github.com/apisix/manager-api/internal/core/store/store.go:71.24,74.3 2 1
github.com/apisix/manager-api/internal/core/store/store.go:76.39,78.3 1 0
github.com/apisix/manager-api/internal/core/store/store.go:79.42,82.3 2 1
github.com/apisix/manager-api/internal/core/store/store.go:91.37,95.16 4 3
github.com/apisix/manager-api/internal/core/store/store.go:98.2,98.21 1 2
github.com/apisix/manager-api/internal/core/store/store.go:109.2,111.12 3 1
github.com/apisix/manager-api/internal/core/store/store.go:132.2,133.12 2 1
github.com/apisix/manager-api/internal/core/store/store.go:95.16,97.3 1 1
github.com/apisix/manager-api/internal/core/store/store.go:98.21,99.27 1 3
github.com/apisix/manager-api/internal/core/store/store.go:102.3,103.17 2 3
github.com/apisix/manager-api/internal/core/store/store.go:106.3,106.47 1 2
github.com/apisix/manager-api/internal/core/store/store.go:99.27,100.12 1 0
github.com/apisix/manager-api/internal/core/store/store.go:103.17,105.4 1 1
github.com/apisix/manager-api/internal/core/store/store.go:111.12,112.25 1 1
github.com/apisix/manager-api/internal/core/store/store.go:112.25,113.22 1 1
github.com/apisix/manager-api/internal/core/store/store.go:117.4,117.32 1 1
github.com/apisix/manager-api/internal/core/store/store.go:113.22,115.5 1 0
github.com/apisix/manager-api/internal/core/store/store.go:117.32,118.33 1 2
github.com/apisix/manager-api/internal/core/store/store.go:119.31,121.20 2 1
github.com/apisix/manager-api/internal/core/store/store.go:125.6,125.72 1 1
github.com/apisix/manager-api/internal/core/store/store.go:126.34,127.65 1 1
github.com/apisix/manager-api/internal/core/store/store.go:121.20,123.15 2 0
github.com/apisix/manager-api/internal/core/store/store.go:136.61,138.9 2 2
github.com/apisix/manager-api/internal/core/store/store.go:142.2,142.17 1 1
github.com/apisix/manager-api/internal/core/store/store.go:138.9,141.3 2 1
github.com/apisix/manager-api/internal/core/store/store.go:159.47,162.42 3 3
github.com/apisix/manager-api/internal/core/store/store.go:165.2,165.42 1 2
github.com/apisix/manager-api/internal/core/store/store.go:168.2,170.18 3 2
github.com/apisix/manager-api/internal/core/store/store.go:162.42,164.3 1 1
github.com/apisix/manager-api/internal/core/store/store.go:165.42,167.3 1 0
github.com/apisix/manager-api/internal/core/store/store.go:173.67,175.50 2 3
github.com/apisix/manager-api/internal/core/store/store.go:187.2,187.16 1 3
github.com/apisix/manager-api/internal/core/store/store.go:191.2,195.23 2 3
github.com/apisix/manager-api/internal/core/store/store.go:199.2,199.46 1 3
github.com/apisix/manager-api/internal/core/store/store.go:203.2,203.48 1 3
github.com/apisix/manager-api/internal/core/store/store.go:218.2,218.20 1 1
github.com/apisix/manager-api/internal/core/store/store.go:175.50,176.56 1 12
github.com/apisix/manager-api/internal/core/store/store.go:179.3,179.26 1 6
github.com/apisix/manager-api/internal/core/store/store.go:182.3,183.14 2 6
github.com/apisix/manager-api/internal/core/store/store.go:176.56,178.4 1 6
github.com/apisix/manager-api/internal/core/store/store.go:179.26,181.4 1 0
github.com/apisix/manager-api/internal/core/store/store.go:187.16,189.3 1 0
github.com/apisix/manager-api/internal/core/store/store.go:195.23,197.3 1 3
github.com/apisix/manager-api/internal/core/store/store.go:199.46,201.3 1 3
github.com/apisix/manager-api/internal/core/store/store.go:203.48,205.35 2 2
github.com/apisix/manager-api/internal/core/store/store.go:210.3,211.33 2 1
github.com/apisix/manager-api/internal/core/store/store.go:215.3,215.38 1 0
github.com/apisix/manager-api/internal/core/store/store.go:205.35,208.4 2 1
github.com/apisix/manager-api/internal/core/store/store.go:211.33,214.4 2 1
github.com/apisix/manager-api/internal/core/store/store.go:221.68,222.28 1 9
github.com/apisix/manager-api/internal/core/store/store.go:229.2,229.29 1 7
github.com/apisix/manager-api/internal/core/store/store.go:237.2,237.12 1 7
github.com/apisix/manager-api/internal/core/store/store.go:222.28,223.55 1 9
github.com/apisix/manager-api/internal/core/store/store.go:223.55,226.4 2 2
github.com/apisix/manager-api/internal/core/store/store.go:229.29,230.51 1 1
github.com/apisix/manager-api/internal/core/store/store.go:230.51,231.54 1 2
github.com/apisix/manager-api/internal/core/store/store.go:234.4,234.15 1 1
github.com/apisix/manager-api/internal/core/store/store.go:231.54,233.5 1 1
github.com/apisix/manager-api/internal/core/store/store.go:240.75,241.51 1 4
github.com/apisix/manager-api/internal/core/store/store.go:246.2,246.46 1 4
github.com/apisix/manager-api/internal/core/store/store.go:250.2,251.15 2 3
github.com/apisix/manager-api/internal/core/store/store.go:254.2,255.8 2 3
github.com/apisix/manager-api/internal/core/store/store.go:260.2,261.16 2 2
github.com/apisix/manager-api/internal/core/store/store.go:265.2,265.79 1 2
github.com/apisix/manager-api/internal/core/store/store.go:269.2,269.12 1 1
github.com/apisix/manager-api/internal/core/store/store.go:241.51,244.3 2 4
github.com/apisix/manager-api/internal/core/store/store.go:246.46,248.3 1 1
github.com/apisix/manager-api/internal/core/store/store.go:251.15,253.3 1 0
github.com/apisix/manager-api/internal/core/store/store.go:255.8,258.3 2 1
github.com/apisix/manager-api/internal/core/store/store.go:261.16,264.3 2 0
github.com/apisix/manager-api/internal/core/store/store.go:265.79,267.3 1 1
github.com/apisix/manager-api/internal/core/store/store.go:272.98,273.46 1 3
github.com/apisix/manager-api/internal/core/store/store.go:277.2,278.15 2 3
github.com/apisix/manager-api/internal/core/store/store.go:281.2,282.9 2 3
github.com/apisix/manager-api/internal/core/store/store.go:290.2,290.51 1 2
github.com/apisix/manager-api/internal/core/store/store.go:297.2,298.16 2 2
github.com/apisix/manager-api/internal/core/store/store.go:302.2,302.79 1 2
github.com/apisix/manager-api/internal/core/store/store.go:306.2,306.12 1 1
github.com/apisix/manager-api/internal/core/store/store.go:273.46,275.3 1 0
github.com/apisix/manager-api/internal/core/store/store.go:278.15,280.3 1 0
github.com/apisix/manager-api/internal/core/store/store.go:282.9,283.23 1 1
github.com/apisix/manager-api/internal/core/store/store.go:286.3,287.49 2 1
github.com/apisix/manager-api/internal/core/store/store.go:283.23,285.4 1 0
github.com/apisix/manager-api/internal/core/store/store.go:290.51,295.3 4 2
github.com/apisix/manager-api/internal/core/store/store.go:298.16,301.3 2 0
github.com/apisix/manager-api/internal/core/store/store.go:302.79,304.3 1 1
github.com/apisix/manager-api/internal/core/store/store.go:309.78,311.22 2 2
github.com/apisix/manager-api/internal/core/store/store.go:315.2,315.44 1 2
github.com/apisix/manager-api/internal/core/store/store.go:311.22,313.3 1 4
github.com/apisix/manager-api/internal/core/store/store.go:318.38,321.2 2 0
github.com/apisix/manager-api/internal/core/store/store.go:323.72,326.16 3 4
github.com/apisix/manager-api/internal/core/store/store.go:331.2,331.32 1 3
github.com/apisix/manager-api/internal/core/store/store.go:326.16,329.3 2 1
github.com/apisix/manager-api/internal/core/store/store.go:334.65,336.2 1 4
github.com/apisix/manager-api/internal/core/store/store.go:338.57,340.2 1 8
github.com/apisix/manager-api/internal/core/store/store_mock.go:28.62,31.2 2 0
github.com/apisix/manager-api/internal/core/store/store_mock.go:33.68,41.60 3 0
github.com/apisix/manager-api/internal/core/store/store_mock.go:46.2,48.15 2 0
github.com/apisix/manager-api/internal/core/store/store_mock.go:41.60,43.3 1 0
github.com/apisix/manager-api/internal/core/store/store_mock.go:43.8,45.3 1 0
github.com/apisix/manager-api/internal/core/store/store_mock.go:51.76,54.2 2 0
github.com/apisix/manager-api/internal/core/store/store_mock.go:56.95,59.2 2 0
github.com/apisix/manager-api/internal/core/store/store_mock.go:61.79,64.2 2 0
github.com/apisix/manager-api/internal/core/store/storehub.go:44.58,46.69 1 0
github.com/apisix/manager-api/internal/core/store/storehub.go:53.2,54.16 2 0
github.com/apisix/manager-api/internal/core/store/storehub.go:58.2,58.33 1 0
github.com/apisix/manager-api/internal/core/store/storehub.go:63.2,65.12 3 0
github.com/apisix/manager-api/internal/core/store/storehub.go:46.69,48.17 2 0
github.com/apisix/manager-api/internal/core/store/storehub.go:51.3,51.28 1 0
github.com/apisix/manager-api/internal/core/store/storehub.go:48.17,50.4 1 0
github.com/apisix/manager-api/internal/core/store/storehub.go:54.16,57.3 2 0
github.com/apisix/manager-api/internal/core/store/storehub.go:58.33,61.3 2 0
github.com/apisix/manager-api/internal/core/store/storehub.go:68.41,69.32 1 0
github.com/apisix/manager-api/internal/core/store/storehub.go:72.2,72.50 1 0
github.com/apisix/manager-api/internal/core/store/storehub.go:69.32,71.3 1 0
github.com/apisix/manager-api/internal/core/store/storehub.go:75.25,79.41 1 0
github.com/apisix/manager-api/internal/core/store/storehub.go:84.2,84.16 1 0
github.com/apisix/manager-api/internal/core/store/storehub.go:88.2,91.41 1 0
github.com/apisix/manager-api/internal/core/store/storehub.go:96.2,96.16 1 0
github.com/apisix/manager-api/internal/core/store/storehub.go:100.2,103.41 1 0
github.com/apisix/manager-api/internal/core/store/storehub.go:108.2,108.16 1 0
github.com/apisix/manager-api/internal/core/store/storehub.go:112.2,115.41 1 0
github.com/apisix/manager-api/internal/core/store/storehub.go:120.2,120.16 1 0
github.com/apisix/manager-api/internal/core/store/storehub.go:124.2,127.41 1 0
github.com/apisix/manager-api/internal/core/store/storehub.go:132.2,132.16 1 0
github.com/apisix/manager-api/internal/core/store/storehub.go:136.2,139.41 1 0
github.com/apisix/manager-api/internal/core/store/storehub.go:144.2,144.16 1 0
github.com/apisix/manager-api/internal/core/store/storehub.go:148.2,151.41 1 0
github.com/apisix/manager-api/internal/core/store/storehub.go:156.2,156.16 1 0
github.com/apisix/manager-api/internal/core/store/storehub.go:160.2,160.12 1 0
github.com/apisix/manager-api/internal/core/store/storehub.go:79.41,82.4 2 0
github.com/apisix/manager-api/internal/core/store/storehub.go:84.16,86.3 1 0
github.com/apisix/manager-api/internal/core/store/storehub.go:91.41,94.4 2 0
github.com/apisix/manager-api/internal/core/store/storehub.go:96.16,98.3 1 0
github.com/apisix/manager-api/internal/core/store/storehub.go:103.41,106.4 2 0
github.com/apisix/manager-api/internal/core/store/storehub.go:108.16,110.3 1 0
github.com/apisix/manager-api/internal/core/store/storehub.go:115.41,118.4 2 0
github.com/apisix/manager-api/internal/core/store/storehub.go:120.16,122.3 1 0
github.com/apisix/manager-api/internal/core/store/storehub.go:127.41,130.4 2 0
github.com/apisix/manager-api/internal/core/store/storehub.go:132.16,134.3 1 0
github.com/apisix/manager-api/internal/core/store/storehub.go:139.41,142.4 2 0
github.com/apisix/manager-api/internal/core/store/storehub.go:144.16,146.3 1 0
github.com/apisix/manager-api/internal/core/store/storehub.go:151.41,154.4 2 0
github.com/apisix/manager-api/internal/core/store/storehub.go:156.16,158.3 1 0
github.com/apisix/manager-api/internal/handler/label/label.go:55.45,58.2 2 2
github.com/apisix/manager-api/internal/handler/label/label.go:60.50,68.2 1 0
github.com/apisix/manager-api/internal/handler/label/label.go:70.45,73.2 1 0
github.com/apisix/manager-api/internal/handler/label/label.go:81.70,82.25 1 31
github.com/apisix/manager-api/internal/handler/label/label.go:86.2,87.27 2 18
github.com/apisix/manager-api/internal/handler/label/label.go:94.2,94.12 1 18
github.com/apisix/manager-api/internal/handler/label/label.go:82.25,84.3 1 13
github.com/apisix/manager-api/internal/handler/label/label.go:87.27,89.37 2 25
github.com/apisix/manager-api/internal/handler/label/label.go:89.37,91.4 1 18
github.com/apisix/manager-api/internal/handler/label/label.go:132.64,137.16 4 16
github.com/apisix/manager-api/internal/handler/label/label.go:142.2,143.13 2 16
github.com/apisix/manager-api/internal/handler/label/label.go:159.2,159.42 1 16
github.com/apisix/manager-api/internal/handler/label/label.go:180.2,180.46 1 16
github.com/apisix/manager-api/internal/handler/label/label.go:191.2,193.29 3 16
github.com/apisix/manager-api/internal/handler/label/label.go:228.2,230.48 2 16
github.com/apisix/manager-api/internal/handler/label/label.go:244.2,244.48 1 16
github.com/apisix/manager-api/internal/handler/label/label.go:260.2,260.22 1 0
github.com/apisix/manager-api/internal/handler/label/label.go:137.16,140.3 1 0
github.com/apisix/manager-api/internal/handler/label/label.go:144.15,145.38 1 3
github.com/apisix/manager-api/internal/handler/label/label.go:146.17,147.40 1 3
github.com/apisix/manager-api/internal/handler/label/label.go:148.18,149.41 1 3
github.com/apisix/manager-api/internal/handler/label/label.go:150.13,151.36 1 0
github.com/apisix/manager-api/internal/handler/label/label.go:152.18,153.41 1 3
github.com/apisix/manager-api/internal/handler/label/label.go:154.13,156.32 1 4
github.com/apisix/manager-api/internal/handler/label/label.go:159.42,162.28 2 44
github.com/apisix/manager-api/internal/handler/label/label.go:177.3,177.44 1 44
github.com/apisix/manager-api/internal/handler/label/label.go:163.22,164.19 1 10
github.com/apisix/manager-api/internal/handler/label/label.go:165.25,166.19 1 10
github.com/apisix/manager-api/internal/handler/label/label.go:167.20,168.19 1 4
github.com/apisix/manager-api/internal/handler/label/label.go:169.24,170.19 1 10
github.com/apisix/manager-api/internal/handler/label/label.go:171.25,172.19 1 10
github.com/apisix/manager-api/internal/handler/label/label.go:173.11,174.16 1 0
github.com/apisix/manager-api/internal/handler/label/label.go:180.46,183.16 3 31
github.com/apisix/manager-api/internal/handler/label/label.go:187.3,188.33 2 31
github.com/apisix/manager-api/internal/handler/label/label.go:183.16,185.4 1 0
github.com/apisix/manager-api/internal/handler/label/label.go:193.29,201.39 1 32
github.com/apisix/manager-api/internal/handler/label/label.go:207.3,207.17 1 32
github.com/apisix/manager-api/internal/handler/label/label.go:211.3,211.30 1 32
github.com/apisix/manager-api/internal/handler/label/label.go:201.39,203.6 1 0
github.com/apisix/manager-api/internal/handler/label/label.go:207.17,209.4 1 0
github.com/apisix/manager-api/internal/handler/label/label.go:211.30,212.16 1 31
github.com/apisix/manager-api/internal/handler/label/label.go:216.4,216.44 1 31
github.com/apisix/manager-api/internal/handler/label/label.go:212.16,213.13 1 0
github.com/apisix/manager-api/internal/handler/label/label.go:216.44,218.41 2 37
github.com/apisix/manager-api/internal/handler/label/label.go:222.5,224.45 3 36
github.com/apisix/manager-api/internal/handler/label/label.go:218.41,219.14 1 1
github.com/apisix/manager-api/internal/handler/label/label.go:230.48,234.43 3 31
github.com/apisix/manager-api/internal/handler/label/label.go:238.3,238.45 1 20
github.com/apisix/manager-api/internal/handler/label/label.go:234.43,236.4 1 11
github.com/apisix/manager-api/internal/handler/label/label.go:244.48,246.37 2 16
github.com/apisix/manager-api/internal/handler/label/label.go:251.3,252.35 2 16
github.com/apisix/manager-api/internal/handler/label/label.go:257.3,257.50 1 0
github.com/apisix/manager-api/internal/handler/label/label.go:246.37,249.4 2 0
github.com/apisix/manager-api/internal/handler/label/label.go:252.35,255.4 2 16
github.com/apisix/manager-api/filter/authentication.go:30.39,31.30 1 0
github.com/apisix/manager-api/filter/authentication.go:31.30,32.107 1 0
github.com/apisix/manager-api/filter/authentication.go:76.3,76.11 1 0
github.com/apisix/manager-api/filter/authentication.go:32.107,36.115 2 0
github.com/apisix/manager-api/filter/authentication.go:40.4,45.34 2 0
github.com/apisix/manager-api/filter/authentication.go:51.4,52.11 2 0
github.com/apisix/manager-api/filter/authentication.go:58.4,58.47 1 0
github.com/apisix/manager-api/filter/authentication.go:64.4,64.28 1 0
github.com/apisix/manager-api/filter/authentication.go:70.4,70.51 1 0
github.com/apisix/manager-api/filter/authentication.go:36.115,38.5 1 0
github.com/apisix/manager-api/filter/authentication.go:45.34,49.5 3 0
github.com/apisix/manager-api/filter/authentication.go:52.11,56.5 3 0
github.com/apisix/manager-api/filter/authentication.go:58.47,62.5 3 0
github.com/apisix/manager-api/filter/authentication.go:64.28,68.5 3 0
github.com/apisix/manager-api/filter/authentication.go:70.51,74.5 3 0
github.com/apisix/manager-api/filter/cors.go:21.29,22.30 1 0
github.com/apisix/manager-api/filter/cors.go:22.30,27.36 5 0
github.com/apisix/manager-api/filter/cors.go:31.3,31.11 1 0
github.com/apisix/manager-api/filter/cors.go:27.36,30.4 2 0
github.com/apisix/manager-api/filter/logging.go:27.67,28.30 1 1
github.com/apisix/manager-api/filter/logging.go:28.30,41.32 10 1
github.com/apisix/manager-api/filter/logging.go:45.3,56.4 1 1
github.com/apisix/manager-api/filter/logging.go:41.32,43.4 1 0
github.com/apisix/manager-api/filter/logging.go:65.53,68.2 2 0
github.com/apisix/manager-api/filter/recover.go:38.39,39.30 1 0
github.com/apisix/manager-api/filter/recover.go:39.30,40.16 1 0
github.com/apisix/manager-api/filter/recover.go:52.3,52.11 1 0
github.com/apisix/manager-api/filter/recover.go:40.16,41.36 1 0
github.com/apisix/manager-api/filter/recover.go:41.36,50.5 5 0
github.com/apisix/manager-api/filter/recover.go:56.58,57.15 1 0
github.com/apisix/manager-api/filter/recover.go:63.2,63.12 1 0
github.com/apisix/manager-api/filter/recover.go:57.15,58.35 1 0
github.com/apisix/manager-api/filter/recover.go:58.35,61.4 2 0
github.com/apisix/manager-api/filter/recover.go:66.29,71.23 4 0
github.com/apisix/manager-api/filter/recover.go:88.2,88.20 1 0
github.com/apisix/manager-api/filter/recover.go:71.23,73.10 2 0
github.com/apisix/manager-api/filter/recover.go:77.3,78.23 2 0
github.com/apisix/manager-api/filter/recover.go:86.3,86.68 1 0
github.com/apisix/manager-api/filter/recover.go:73.10,74.9 1 0
github.com/apisix/manager-api/filter/recover.go:78.23,80.18 2 0
github.com/apisix/manager-api/filter/recover.go:83.4,84.19 2 0
github.com/apisix/manager-api/filter/recover.go:80.18,81.13 1 0
github.com/apisix/manager-api/filter/recover.go:92.43,94.30 2 0
github.com/apisix/manager-api/filter/recover.go:97.2,97.34 1 0
github.com/apisix/manager-api/filter/recover.go:94.30,96.3 1 0
github.com/apisix/manager-api/filter/recover.go:101.34,103.15 2 0
github.com/apisix/manager-api/filter/recover.go:106.2,107.63 2 0
github.com/apisix/manager-api/filter/recover.go:110.2,110.51 1 0
github.com/apisix/manager-api/filter/recover.go:113.2,114.13 2 0
github.com/apisix/manager-api/filter/recover.go:103.15,105.3 1 0
github.com/apisix/manager-api/filter/recover.go:107.63,109.3 1 0
github.com/apisix/manager-api/filter/recover.go:110.51,112.3 1 0
github.com/apisix/manager-api/filter/recover.go:117.37,120.2 2 0
github.com/apisix/manager-api/filter/request_id.go:24.34,25.30 1 0
github.com/apisix/manager-api/filter/request_id.go:25.30,30.22 2 0
github.com/apisix/manager-api/filter/request_id.go:36.3,41.11 4 0
github.com/apisix/manager-api/filter/request_id.go:30.22,33.4 2 0
github.com/apisix/manager-api/filter/schema.go:52.51,53.28 1 0
github.com/apisix/manager-api/filter/schema.go:57.2,58.25 2 0
github.com/apisix/manager-api/filter/schema.go:62.2,63.16 2 0
github.com/apisix/manager-api/filter/schema.go:67.2,69.16 2 0
github.com/apisix/manager-api/filter/schema.go:74.2,75.60 2 0
github.com/apisix/manager-api/filter/schema.go:105.2,105.18 1 0
github.com/apisix/manager-api/filter/schema.go:53.28,55.3 1 0
github.com/apisix/manager-api/filter/schema.go:58.25,60.3 1 0
github.com/apisix/manager-api/filter/schema.go:63.16,65.3 1 0
github.com/apisix/manager-api/filter/schema.go:69.16,71.3 1 0
github.com/apisix/manager-api/filter/schema.go:75.60,77.3 1 0
github.com/apisix/manager-api/filter/schema.go:77.8,77.73 1 0
github.com/apisix/manager-api/filter/schema.go:77.73,78.43 1 0
github.com/apisix/manager-api/filter/schema.go:78.43,80.4 1 0
github.com/apisix/manager-api/filter/schema.go:81.8,82.71 1 0
github.com/apisix/manager-api/filter/schema.go:82.71,94.46 2 0
github.com/apisix/manager-api/filter/schema.go:94.46,97.31 3 0
github.com/apisix/manager-api/filter/schema.go:97.31,100.6 2 0
github.com/apisix/manager-api/filter/schema.go:108.74,110.26 1 0
github.com/apisix/manager-api/filter/schema.go:126.2,126.23 1 0
github.com/apisix/manager-api/filter/schema.go:142.2,142.21 1 0
github.com/apisix/manager-api/filter/schema.go:110.26,113.17 3 0
github.com/apisix/manager-api/filter/schema.go:116.3,116.35 1 0
github.com/apisix/manager-api/filter/schema.go:113.17,115.4 1 0
github.com/apisix/manager-api/filter/schema.go:116.35,119.18 3 0
github.com/apisix/manager-api/filter/schema.go:119.18,121.5 1 0
github.com/apisix/manager-api/filter/schema.go:126.23,129.17 3 0
github.com/apisix/manager-api/filter/schema.go:132.3,133.17 2 0
github.com/apisix/manager-api/filter/schema.go:136.3,137.17 2 0
github.com/apisix/manager-api/filter/schema.go:129.17,131.4 1 0
github.com/apisix/manager-api/filter/schema.go:133.17,135.4 1 0
github.com/apisix/manager-api/filter/schema.go:137.17,139.4 1 0
github.com/apisix/manager-api/filter/schema.go:145.74,147.26 1 0
github.com/apisix/manager-api/filter/schema.go:161.2,161.21 1 0
github.com/apisix/manager-api/filter/schema.go:147.26,150.17 3 0
github.com/apisix/manager-api/filter/schema.go:153.3,153.36 1 0
github.com/apisix/manager-api/filter/schema.go:150.17,152.4 1 0
github.com/apisix/manager-api/filter/schema.go:153.36,156.18 3 0
github.com/apisix/manager-api/filter/schema.go:156.18,158.5 1 0
github.com/apisix/manager-api/filter/schema.go:164.36,165.30 1 0
github.com/apisix/manager-api/filter/schema.go:165.30,170.14 4 0
github.com/apisix/manager-api/filter/schema.go:173.3,175.42 2 0
github.com/apisix/manager-api/filter/schema.go:179.3,180.10 2 0
github.com/apisix/manager-api/filter/schema.go:185.3,186.17 2 0
github.com/apisix/manager-api/filter/schema.go:193.3,194.17 2 0
github.com/apisix/manager-api/filter/schema.go:202.3,205.17 3 0
github.com/apisix/manager-api/filter/schema.go:212.3,213.17 2 0
github.com/apisix/manager-api/filter/schema.go:220.3,220.53 1 0
github.com/apisix/manager-api/filter/schema.go:227.3,227.11 1 0
github.com/apisix/manager-api/filter/schema.go:170.14,172.4 1 0
github.com/apisix/manager-api/filter/schema.go:175.42,178.4 2 0
github.com/apisix/manager-api/filter/schema.go:180.10,183.4 2 0
github.com/apisix/manager-api/filter/schema.go:186.17,190.4 3 0
github.com/apisix/manager-api/filter/schema.go:194.17,199.4 4 0
github.com/apisix/manager-api/filter/schema.go:205.17,210.4 4 0
github.com/apisix/manager-api/filter/schema.go:213.17,218.4 4 0
github.com/apisix/manager-api/filter/schema.go:220.53,225.4 4 0
github.com/apisix/manager-api/internal/handler/service/service.go:43.50,48.2 1 0
github.com/apisix/manager-api/internal/handler/service/service.go:50.45,65.2 7 0
github.com/apisix/manager-api/internal/handler/service/service.go:71.63,75.16 3 2
github.com/apisix/manager-api/internal/handler/service/service.go:79.2,80.62 2 2
github.com/apisix/manager-api/internal/handler/service/service.go:84.2,84.15 1 2
github.com/apisix/manager-api/internal/handler/service/service.go:75.16,77.3 1 0
github.com/apisix/manager-api/internal/handler/service/service.go:80.62,82.3 1 1
github.com/apisix/manager-api/internal/handler/service/service.go:126.64,130.41 2 4
github.com/apisix/manager-api/internal/handler/service/service.go:146.2,146.16 1 4
github.com/apisix/manager-api/internal/handler/service/service.go:150.2,150.17 1 4
github.com/apisix/manager-api/internal/handler/service/service.go:130.41,131.24 1 8
github.com/apisix/manager-api/internal/handler/service/service.go:134.4,134.15 1 4
github.com/apisix/manager-api/internal/handler/service/service.go:131.24,133.5 1 4
github.com/apisix/manager-api/internal/handler/service/service.go:136.45,138.64 2 5
github.com/apisix/manager-api/internal/handler/service/service.go:141.4,141.18 1 5
github.com/apisix/manager-api/internal/handler/service/service.go:138.64,140.5 1 2
github.com/apisix/manager-api/internal/handler/service/service.go:146.16,148.3 1 0
github.com/apisix/manager-api/internal/handler/service/service.go:153.66,156.29 2 2
github.com/apisix/manager-api/internal/handler/service/service.go:168.2,168.66 1 2
github.com/apisix/manager-api/internal/handler/service/service.go:172.2,172.17 1 2
github.com/apisix/manager-api/internal/handler/service/service.go:156.29,159.17 3 0
github.com/apisix/manager-api/internal/handler/service/service.go:159.17,160.31 1 0
github.com/apisix/manager-api/internal/handler/service/service.go:164.4,164.73 1 0
github.com/apisix/manager-api/internal/handler/service/service.go:160.31,163.5 1 0
github.com/apisix/manager-api/internal/handler/service/service.go:168.66,170.3 1 0
github.com/apisix/manager-api/internal/handler/service/service.go:180.66,182.20 2 1
github.com/apisix/manager-api/internal/handler/service/service.go:186.2,186.29 1 1
github.com/apisix/manager-api/internal/handler/service/service.go:198.2,198.81 1 1
github.com/apisix/manager-api/internal/handler/service/service.go:202.2,202.17 1 1
github.com/apisix/manager-api/internal/handler/service/service.go:182.20,184.3 1 1
github.com/apisix/manager-api/internal/handler/service/service.go:186.29,189.17 3 0
github.com/apisix/manager-api/internal/handler/service/service.go:189.17,190.31 1 0
github.com/apisix/manager-api/internal/handler/service/service.go:194.4,194.73 1 0
github.com/apisix/manager-api/internal/handler/service/service.go:190.31,193.5 1 0
github.com/apisix/manager-api/internal/handler/service/service.go:198.81,200.3 1 0
github.com/apisix/manager-api/internal/handler/service/service.go:209.71,212.95 2 2
github.com/apisix/manager-api/internal/handler/service/service.go:216.2,216.17 1 2
github.com/apisix/manager-api/internal/handler/service/service.go:212.95,214.3 1 0
github.com/apisix/manager-api/internal/handler/service/service.go:219.65,223.18 4 0
github.com/apisix/manager-api/internal/handler/service/service.go:228.2,229.16 2 0
github.com/apisix/manager-api/internal/handler/service/service.go:233.2,234.19 2 0
github.com/apisix/manager-api/internal/handler/service/service.go:247.2,247.45 1 0
github.com/apisix/manager-api/internal/handler/service/service.go:251.2,251.75 1 0
github.com/apisix/manager-api/internal/handler/service/service.go:255.2,255.17 1 0
github.com/apisix/manager-api/internal/handler/service/service.go:223.18,226.3 2 0
github.com/apisix/manager-api/internal/handler/service/service.go:229.16,231.3 1 0
github.com/apisix/manager-api/internal/handler/service/service.go:234.19,240.3 1 0
github.com/apisix/manager-api/internal/handler/service/service.go:240.8,242.17 2 0
github.com/apisix/manager-api/internal/handler/service/service.go:242.17,244.4 1 0
github.com/apisix/manager-api/internal/handler/service/service.go:247.45,249.3 1 0
github.com/apisix/manager-api/internal/handler/service/service.go:251.75,253.3 1 0
github.com/apisix/manager-api/internal/handler/consumer/consumer.go:37.50,41.2 1 0
github.com/apisix/manager-api/internal/handler/consumer/consumer.go:43.45,56.2 6 0
github.com/apisix/manager-api/internal/handler/consumer/consumer.go:62.63,66.16 3 2
github.com/apisix/manager-api/internal/handler/consumer/consumer.go:69.2,69.15 1 1
github.com/apisix/manager-api/internal/handler/consumer/consumer.go:66.16,68.3 1 1
github.com/apisix/manager-api/internal/handler/consumer/consumer.go:111.64,115.41 2 2
github.com/apisix/manager-api/internal/handler/consumer/consumer.go:124.2,124.16 1 2
github.com/apisix/manager-api/internal/handler/consumer/consumer.go:128.2,128.17 1 1
github.com/apisix/manager-api/internal/handler/consumer/consumer.go:115.41,116.28 1 4
github.com/apisix/manager-api/internal/handler/consumer/consumer.go:119.4,119.15 1 0
github.com/apisix/manager-api/internal/handler/consumer/consumer.go:116.28,118.5 1 4
github.com/apisix/manager-api/internal/handler/consumer/consumer.go:124.16,126.3 1 1
github.com/apisix/manager-api/internal/handler/consumer/consumer.go:131.66,136.67 4 2
github.com/apisix/manager-api/internal/handler/consumer/consumer.go:140.2,140.17 1 1
github.com/apisix/manager-api/internal/handler/consumer/consumer.go:136.67,138.3 1 1
github.com/apisix/manager-api/internal/handler/consumer/consumer.go:148.66,150.26 2 2
github.com/apisix/manager-api/internal/handler/consumer/consumer.go:153.2,156.83 3 2
github.com/apisix/manager-api/internal/handler/consumer/consumer.go:160.2,160.17 1 1
github.com/apisix/manager-api/internal/handler/consumer/consumer.go:150.26,152.3 1 2
github.com/apisix/manager-api/internal/handler/consumer/consumer.go:156.83,158.3 1 1
github.com/apisix/manager-api/internal/handler/consumer/consumer.go:163.60,164.32 1 4
github.com/apisix/manager-api/internal/handler/consumer/consumer.go:164.32,166.34 2 4
github.com/apisix/manager-api/internal/handler/consumer/consumer.go:166.34,168.4 1 2
github.com/apisix/manager-api/internal/handler/consumer/consumer.go:176.71,179.102 2 2
github.com/apisix/manager-api/internal/handler/consumer/consumer.go:183.2,183.17 1 1
github.com/apisix/manager-api/internal/handler/consumer/consumer.go:179.102,181.3 1 1
github.com/apisix/manager-api/internal/handler/upstream/upstream.go:39.50,43.2 1 0
github.com/apisix/manager-api/internal/handler/upstream/upstream.go:45.45,63.2 9 0
github.com/apisix/manager-api/internal/handler/upstream/upstream.go:69.63,73.16 3 2
github.com/apisix/manager-api/internal/handler/upstream/upstream.go:77.2,80.15 3 2
github.com/apisix/manager-api/internal/handler/upstream/upstream.go:73.16,75.3 1 0
github.com/apisix/manager-api/internal/handler/upstream/upstream.go:122.64,126.41 2 1
github.com/apisix/manager-api/internal/handler/upstream/upstream.go:140.2,140.16 1 1
github.com/apisix/manager-api/internal/handler/upstream/upstream.go:144.2,144.17 1 1
github.com/apisix/manager-api/internal/handler/upstream/upstream.go:126.41,127.24 1 2
github.com/apisix/manager-api/internal/handler/upstream/upstream.go:130.4,130.15 1 2
github.com/apisix/manager-api/internal/handler/upstream/upstream.go:127.24,129.5 1 0
github.com/apisix/manager-api/internal/handler/upstream/upstream.go:132.45,136.4 3 2
github.com/apisix/manager-api/internal/handler/upstream/upstream.go:140.16,142.3 1 0
github.com/apisix/manager-api/internal/handler/upstream/upstream.go:147.66,150.67 2 2
github.com/apisix/manager-api/internal/handler/upstream/upstream.go:154.2,154.17 1 2
github.com/apisix/manager-api/internal/handler/upstream/upstream.go:150.67,152.3 1 0
github.com/apisix/manager-api/internal/handler/upstream/upstream.go:162.66,164.20 2 1
github.com/apisix/manager-api/internal/handler/upstream/upstream.go:168.2,168.83 1 1
github.com/apisix/manager-api/internal/handler/upstream/upstream.go:172.2,172.17 1 1
github.com/apisix/manager-api/internal/handler/upstream/upstream.go:164.20,166.3 1 1
github.com/apisix/manager-api/internal/handler/upstream/upstream.go:168.83,170.3 1 0
github.com/apisix/manager-api/internal/handler/upstream/upstream.go:179.71,182.96 2 2
github.com/apisix/manager-api/internal/handler/upstream/upstream.go:186.2,186.17 1 2
github.com/apisix/manager-api/internal/handler/upstream/upstream.go:182.96,184.3 1 0
github.com/apisix/manager-api/internal/handler/upstream/upstream.go:189.65,193.18 4 0
github.com/apisix/manager-api/internal/handler/upstream/upstream.go:198.2,199.16 2 0
github.com/apisix/manager-api/internal/handler/upstream/upstream.go:203.2,204.19 2 0
github.com/apisix/manager-api/internal/handler/upstream/upstream.go:217.2,217.45 1 0
github.com/apisix/manager-api/internal/handler/upstream/upstream.go:221.2,221.76 1 0
github.com/apisix/manager-api/internal/handler/upstream/upstream.go:225.2,225.17 1 0
github.com/apisix/manager-api/internal/handler/upstream/upstream.go:193.18,196.3 2 0
github.com/apisix/manager-api/internal/handler/upstream/upstream.go:199.16,201.3 1 0
github.com/apisix/manager-api/internal/handler/upstream/upstream.go:204.19,210.3 1 0
github.com/apisix/manager-api/internal/handler/upstream/upstream.go:210.8,212.17 2 0
github.com/apisix/manager-api/internal/handler/upstream/upstream.go:212.17,214.4 1 0
github.com/apisix/manager-api/internal/handler/upstream/upstream.go:217.45,219.3 1 0
github.com/apisix/manager-api/internal/handler/upstream/upstream.go:221.76,223.3 1 0
github.com/apisix/manager-api/internal/handler/upstream/upstream.go:232.49,234.27 2 0
github.com/apisix/manager-api/internal/handler/upstream/upstream.go:237.2,237.13 1 0
github.com/apisix/manager-api/internal/handler/upstream/upstream.go:234.27,236.3 1 0
github.com/apisix/manager-api/internal/handler/upstream/upstream.go:240.49,254.16 5 0
github.com/apisix/manager-api/internal/handler/upstream/upstream.go:258.2,264.19 6 0
github.com/apisix/manager-api/internal/handler/upstream/upstream.go:271.2,271.17 1 0
github.com/apisix/manager-api/internal/handler/upstream/upstream.go:254.16,256.3 1 0
github.com/apisix/manager-api/internal/handler/upstream/upstream.go:264.19,266.22 2 0
github.com/apisix/manager-api/internal/handler/upstream/upstream.go:266.22,268.4 1 0
github.com/apisix/manager-api/internal/handler/upstream/upstream.go:274.61,283.16 3 0
github.com/apisix/manager-api/internal/handler/upstream/upstream.go:287.2,288.26 2 0
github.com/apisix/manager-api/internal/handler/upstream/upstream.go:293.2,298.20 2 0
github.com/apisix/manager-api/internal/handler/upstream/upstream.go:283.16,285.3 1 0
github.com/apisix/manager-api/internal/handler/upstream/upstream.go:288.26,291.3 2 0
